<?xml version="1.0" encoding="UTF-8"?>
<testng-results ignored="0" total="6" passed="6" failed="0" skipped="0">
  <reporter-output>
  </reporter-output>
  <suite started-at="2025-12-11T14:26:09 WIB" name="Command line suite" finished-at="2025-12-11T14:26:26 WIB" duration-ms="17288">
    <groups>
    </groups>
    <test started-at="2025-12-11T14:26:09 WIB" name="Command line test" finished-at="2025-12-11T14:26:26 WIB" duration-ms="17288">
      <class name="com.api.tests.PetTests">
        <test-method is-config="true" signature="setup()[pri:0, instance:com.api.tests.PetTests@7ce6a65d]" started-at="2025-12-11T14:26:09 WIB" name="setup" finished-at="2025-12-11T14:26:09 WIB" duration-ms="15" status="PASS">
          <reporter-output>
          </reporter-output>
        </test-method> <!-- setup -->
        <test-method signature="testCreatePetBoundaryLongName()[pri:0, instance:com.api.tests.PetTests@7ce6a65d]" started-at="2025-12-11T14:26:09 WIB" name="testCreatePetBoundaryLongName" finished-at="2025-12-11T14:26:16 WIB" duration-ms="7157" status="PASS">
          <reporter-output>
          </reporter-output>
        </test-method> <!-- testCreatePetBoundaryLongName -->
        <test-method signature="testCreatePetInvalidJson()[pri:0, instance:com.api.tests.PetTests@7ce6a65d]" started-at="2025-12-11T14:26:16 WIB" name="testCreatePetInvalidJson" finished-at="2025-12-11T14:26:18 WIB" duration-ms="1970" status="PASS">
          <reporter-output>
          </reporter-output>
        </test-method> <!-- testCreatePetInvalidJson -->
        <test-method signature="testCreatePetMissingName()[pri:0, instance:com.api.tests.PetTests@7ce6a65d]" started-at="2025-12-11T14:26:18 WIB" name="testCreatePetMissingName" finished-at="2025-12-11T14:26:20 WIB" duration-ms="1744" status="PASS">
          <reporter-output>
          </reporter-output>
        </test-method> <!-- testCreatePetMissingName -->
        <test-method signature="testCreatePetSuccess()[pri:0, instance:com.api.tests.PetTests@7ce6a65d]" started-at="2025-12-11T14:26:20 WIB" name="testCreatePetSuccess" finished-at="2025-12-11T14:26:23 WIB" duration-ms="2796" status="PASS">
          <reporter-output>
          </reporter-output>
        </test-method> <!-- testCreatePetSuccess -->
        <test-method signature="testGetPetBoundaryNegativeId()[pri:0, instance:com.api.tests.PetTests@7ce6a65d]" started-at="2025-12-11T14:26:23 WIB" name="testGetPetBoundaryNegativeId" finished-at="2025-12-11T14:26:24 WIB" duration-ms="1569" status="PASS">
          <reporter-output>
          </reporter-output>
        </test-method> <!-- testGetPetBoundaryNegativeId -->
        <test-method signature="testGetPetByIdSuccess()[pri:0, instance:com.api.tests.PetTests@7ce6a65d]" started-at="2025-12-11T14:26:24 WIB" name="testGetPetByIdSuccess" finished-at="2025-12-11T14:26:26 WIB" duration-ms="1985" status="PASS">
          <reporter-output>
          </reporter-output>
        </test-method> <!-- testGetPetByIdSuccess -->
      </class> <!-- com.api.tests.PetTests -->
    </test> <!-- Command line test -->
  </suite> <!-- Command line suite -->
</testng-results>
