<?xml version="1.0" encoding="UTF-8"?>
<!-- Generated by org.testng.reporters.JUnitReportReporter -->
<testsuite hostname="LAPTOP-QLIH9OJD" failures="0" tests="6" name="com.api.tests.PetTests" time="17.221" errors="0" timestamp="2025-12-11T14:26:26 WIB" skipped="0">
  <testcase classname="com.api.tests.PetTests" name="testCreatePetBoundaryLongName" time="7.157"/>
  <testcase classname="com.api.tests.PetTests" name="testGetPetBoundaryNegativeId" time="1.569"/>
  <testcase classname="com.api.tests.PetTests" name="testCreatePetInvalidJson" time="1.970"/>
  <testcase classname="com.api.tests.PetTests" name="testGetPetByIdSuccess" time="1.985"/>
  <testcase classname="com.api.tests.PetTests" name="testCreatePetSuccess" time="2.796"/>
  <testcase classname="com.api.tests.PetTests" name="testCreatePetMissingName" time="1.744"/>
</testsuite> <!-- com.api.tests.PetTests -->
